#
# There is insufficient memory for the Java Runtime Environment to continue.
# Native memory allocation (mmap) failed to map 40370176 bytes for committing reserved memory.
# Possible reasons:
#   The system is out of physical RAM or swap space
#   In 32 bit mode, the process size limit was hit
# Possible solutions:
#   Reduce memory load on the system
#   Increase physical memory or swap space
#   Check if swap backing store is full
#   Use 64 bit Java on a 64 bit OS
#   Decrease Java heap size (-Xmx/-Xms)
#   Decrease number of Java threads
#   Decrease Java thread stack sizes (-Xss)
#   Set larger code cache with -XX:ReservedCodeCacheSize=
# This output file may be truncated or incomplete.
#
#  Out of Memory Error (os_linux.cpp:2627), pid=5254, tid=0x00007f945d2f0700
#
# JRE version: Java(TM) SE Runtime Environment (8.0_121-b13) (build 1.8.0_121-b13)
# Java VM: Java HotSpot(TM) 64-Bit Server VM (25.121-b13 mixed mode linux-amd64 compressed oops)
# Failed to write core dump. Core dumps have been disabled. To enable core dumping, try "ulimit -c unlimited" before starting Java again
#

---------------  T H R E A D  ---------------

Current thread (0x00007f9480077800):  VMThread [stack: 0x00007f945d1f0000,0x00007f945d2f1000] [id=5262]

Stack: [0x00007f945d1f0000,0x00007f945d2f1000],  sp=0x00007f945d2ef270,  free space=1020k
Native frames: (J=compiled Java code, j=interpreted, Vv=VM code, C=native code)
V  [libjvm.so+0xac703a]  VMError::report_and_die()+0x2ba
V  [libjvm.so+0x4fc7eb]  report_vm_out_of_memory(char const*, int, unsigned long, VMErrorType, char const*)+0x8b
V  [libjvm.so+0x923c43]  os::Linux::commit_memory_impl(char*, unsigned long, bool)+0x103
V  [libjvm.so+0x924199]  os::pd_commit_memory(char*, unsigned long, unsigned long, bool)+0x29
V  [libjvm.so+0x91e4aa]  os::commit_memory(char*, unsigned long, unsigned long, bool)+0x2a
V  [libjvm.so+0x992f03]  PSVirtualSpace::expand_by(unsigned long)+0x53
V  [libjvm.so+0x994308]  PSYoungGen::resize_generation(unsigned long, unsigned long)+0xf8
V  [libjvm.so+0x993462]  PSYoungGen::resize(unsigned long, unsigned long)+0x22
V  [libjvm.so+0x99073b]  PSScavenge::invoke_no_policy()+0xf3b
V  [libjvm.so+0x98b9e5]  PSParallelCompact::invoke(bool)+0x85
V  [libjvm.so+0xac8b98]  VM_ParallelGCSystemGC::doit()+0xa8
V  [libjvm.so+0xad0535]  VM_Operation::evaluate()+0x55
V  [libjvm.so+0xace90a]  VMThread::evaluate_operation(VM_Operation*)+0xba
V  [libjvm.so+0xacec8e]  VMThread::loop()+0x1ce
V  [libjvm.so+0xacf100]  VMThread::run()+0x70
V  [libjvm.so+0x926268]  java_start(Thread*)+0x108

VM_Operation (0x00007f9487787880): ParallelGCSystemGC, mode: safepoint, requested by thread 0x00007f9480009800


---------------  P R O C E S S  ---------------

Java Threads: ( => current thread )
  0x00007f94809cf000 JavaThread "resolver-4" daemon [_thread_blocked, id=5280, stack(0x00007f9436290000,0x00007f9436391000)]
  0x00007f94809d1800 JavaThread "resolver-3" daemon [_thread_blocked, id=5279, stack(0x00007f9436391000,0x00007f9436492000)]
  0x00007f9480d17800 JavaThread "resolver-2" daemon [_thread_blocked, id=5278, stack(0x00007f9436692000,0x00007f9436793000)]
  0x00007f9481099800 JavaThread "resolver-1" daemon [_thread_blocked, id=5277, stack(0x00007f9436793000,0x00007f9436894000)]
  0x00007f948058f000 JavaThread "process reaper" daemon [_thread_blocked, id=5273, stack(0x00007f945c260000,0x00007f945c299000)]
  0x00007f94800c9800 JavaThread "Service Thread" daemon [_thread_blocked, id=5269, stack(0x00007f945c810000,0x00007f945c911000)]
  0x00007f94800be000 JavaThread "C1 CompilerThread2" daemon [_thread_blocked, id=5268, stack(0x00007f945c911000,0x00007f945ca12000)]
  0x00007f94800bc800 JavaThread "C2 CompilerThread1" daemon [_thread_blocked, id=5267, stack(0x00007f945ca12000,0x00007f945cb13000)]
  0x00007f94800b9800 JavaThread "C2 CompilerThread0" daemon [_thread_blocked, id=5266, stack(0x00007f945cb13000,0x00007f945cc14000)]
  0x00007f94800b8000 JavaThread "Signal Dispatcher" daemon [_thread_blocked, id=5265, stack(0x00007f945cc14000,0x00007f945cd15000)]
  0x00007f9480084000 JavaThread "Finalizer" daemon [_thread_blocked, id=5264, stack(0x00007f945cfee000,0x00007f945d0ef000)]
  0x00007f948007f000 JavaThread "Reference Handler" daemon [_thread_blocked, id=5263, stack(0x00007f945d0ef000,0x00007f945d1f0000)]
  0x00007f9480009800 JavaThread "main" [_thread_blocked, id=5257, stack(0x00007f9487689000,0x00007f948778a000)]

Other Threads:
=>0x00007f9480077800 VMThread [stack: 0x00007f945d1f0000,0x00007f945d2f1000] [id=5262]
  0x00007f94800cc000 WatcherThread [stack: 0x00007f945c70f000,0x00007f945c810000] [id=5270]

VM state:at safepoint (normal execution)

VM Mutex/Monitor currently owned by a thread:  ([mutex/lock_event])
[0x00007f9480006070] Threads_lock - owner thread: 0x00007f9480077800
[0x00007f9480006570] Heap_lock - owner thread: 0x00007f9480009800

Heap:
 PSYoungGen      total 143872K, used 128K [0x00000000ec000000, 0x00000000f5c00000, 0x0000000100000000)
  eden space 128000K, 0% used [0x00000000ec000000,0x00000000ec000000,0x00000000f3d00000)
  from space 15872K, 0% used [0x00000000f3d00000,0x00000000f3d20000,0x00000000f4c80000)
  to   space 13824K, 0% used [0x00000000f4e80000,0x00000000f4e80000,0x00000000f5c00000)
 ParOldGen       total 72192K, used 30249K [0x00000000c4000000, 0x00000000c8680000, 0x00000000ec000000)
  object space 72192K, 41% used [0x00000000c4000000,0x00000000c5d8a410,0x00000000c8680000)
 Metaspace       used 34498K, capacity 35124K, committed 35496K, reserved 1081344K
  class space    used 3983K, capacity 4249K, committed 4352K, reserved 1048576K

Card table byte_map: [0x00007f948424b000,0x00007f948442c000] byte_map_base: 0x00007f9483c2b000

Marking Bits: (ParMarkBitMap*) 0x00007f9486b56c80
 Begin Bits: [0x00007f945e200000, 0x00007f945f100000)
 End Bits:   [0x00007f945f100000, 0x00007f9460000000)

Polling page: 0x00007f94877a6000

CodeCache: size=245760Kb used=14625Kb max_used=15025Kb free=231134Kb
 bounds [0x00007f9471000000, 0x00007f9471f00000, 0x00007f9480000000]
 total_blobs=4668 nmethods=4239 adapters=341
 compilation: enabled

Compilation events (10 events):
Event: 62,232 Thread 0x00007f94800be000 5047       3       org.codehaus.plexus.archiver.zip.ZipShort::<init> (10 bytes)
Event: 62,252 Thread 0x00007f94800be000 nmethod 5047 0x00007f947132add0 code [0x00007f947132af40, 0x00007f947132b0f0]
Event: 62,252 Thread 0x00007f94800be000 5048       3       org.codehaus.plexus.archiver.zip.ZipShort::getBytes (32 bytes)
Event: 62,252 Thread 0x00007f94800be000 nmethod 5048 0x00007f9471b007d0 code [0x00007f9471b00940, 0x00007f9471b00b30]
Event: 62,253 Thread 0x00007f94800be000 5049       3       sun.util.calendar.CalendarDate::setMonth (20 bytes)
Event: 62,253 Thread 0x00007f94800be000 nmethod 5049 0x00007f9471cf0510 code [0x00007f9471cf0680, 0x00007f9471cf0810]
Event: 62,253 Thread 0x00007f94800be000 5050       3       sun.util.calendar.CalendarDate::setDayOfMonth (20 bytes)
Event: 62,253 Thread 0x00007f94800be000 nmethod 5050 0x00007f94713fee90 code [0x00007f94713ff000, 0x00007f94713ff190]
Event: 62,254 Thread 0x00007f94800be000 5051       1       sun.util.calendar.BaseCalendar$Date::getCachedYear (5 bytes)
Event: 62,254 Thread 0x00007f94800be000 nmethod 5051 0x00007f9471d32e10 code [0x00007f9471d32f60, 0x00007f9471d33070]

GC Heap History (10 events):
Event: 13,956 GC heap after
Heap after GC invocations=10 (full 0):
 PSYoungGen      total 101376K, used 7145K [0x00000000ec000000, 0x00000000f3600000, 0x0000000100000000)
  eden space 94208K, 0% used [0x00000000ec000000,0x00000000ec000000,0x00000000f1c00000)
  from space 7168K, 99% used [0x00000000f2700000,0x00000000f2dfa7e0,0x00000000f2e00000)
  to   space 11264K, 0% used [0x00000000f1c00000,0x00000000f1c00000,0x00000000f2700000)
 ParOldGen       total 40960K, used 20169K [0x00000000c4000000, 0x00000000c6800000, 0x00000000ec000000)
  object space 40960K, 49% used [0x00000000c4000000,0x00000000c53b24d8,0x00000000c6800000)
 Metaspace       used 20708K, capacity 21148K, committed 21296K, reserved 1069056K
  class space    used 2444K, capacity 2628K, committed 2688K, reserved 1048576K
}
Event: 13,956 GC heap before
{Heap before GC invocations=11 (full 1):
 PSYoungGen      total 101376K, used 7145K [0x00000000ec000000, 0x00000000f3600000, 0x0000000100000000)
  eden space 94208K, 0% used [0x00000000ec000000,0x00000000ec000000,0x00000000f1c00000)
  from space 7168K, 99% used [0x00000000f2700000,0x00000000f2dfa7e0,0x00000000f2e00000)
  to   space 11264K, 0% used [0x00000000f1c00000,0x00000000f1c00000,0x00000000f2700000)
 ParOldGen       total 40960K, used 20169K [0x00000000c4000000, 0x00000000c6800000, 0x00000000ec000000)
  object space 40960K, 49% used [0x00000000c4000000,0x00000000c53b24d8,0x00000000c6800000)
 Metaspace       used 20708K, capacity 21148K, committed 21296K, reserved 1069056K
  class space    used 2444K, capacity 2628K, committed 2688K, reserved 1048576K
Event: 14,042 GC heap after
Heap after GC invocations=11 (full 1):
 PSYoungGen      total 101376K, used 0K [0x00000000ec000000, 0x00000000f3600000, 0x0000000100000000)
  eden space 94208K, 0% used [0x00000000ec000000,0x00000000ec000000,0x00000000f1c00000)
  from space 7168K, 0% used [0x00000000f2700000,0x00000000f2700000,0x00000000f2e00000)
  to   space 11264K, 0% used [0x00000000f1c00000,0x00000000f1c00000,0x00000000f2700000)
 ParOldGen       total 49152K, used 22176K [0x00000000c4000000, 0x00000000c7000000, 0x00000000ec000000)
  object space 49152K, 45% used [0x00000000c4000000,0x00000000c55a80f0,0x00000000c7000000)
 Metaspace       used 20708K, capacity 21148K, committed 21296K, reserved 1069056K
  class space    used 2444K, capacity 2628K, committed 2688K, reserved 1048576K
}
Event: 17,845 GC heap before
{Heap before GC invocations=12 (full 1):
 PSYoungGen      total 101376K, used 94208K [0x00000000ec000000, 0x00000000f3600000, 0x0000000100000000)
  eden space 94208K, 100% used [0x00000000ec000000,0x00000000f1c00000,0x00000000f1c00000)
  from space 7168K, 0% used [0x00000000f2700000,0x00000000f2700000,0x00000000f2e00000)
  to   space 11264K, 0% used [0x00000000f1c00000,0x00000000f1c00000,0x00000000f2700000)
 ParOldGen       total 49152K, used 22176K [0x00000000c4000000, 0x00000000c7000000, 0x00000000ec000000)
  object space 49152K, 45% used [0x00000000c4000000,0x00000000c55a80f0,0x00000000c7000000)
 Metaspace       used 31580K, capacity 32088K, committed 32256K, reserved 1077248K
  class space    used 3629K, capacity 3822K, committed 3840K, reserved 1048576K
Event: 17,870 GC heap after
Heap after GC invocations=12 (full 1):
 PSYoungGen      total 105472K, used 11258K [0x00000000ec000000, 0x00000000f5e00000, 0x0000000100000000)
  eden space 94208K, 0% used [0x00000000ec000000,0x00000000ec000000,0x00000000f1c00000)
  from space 11264K, 99% used [0x00000000f1c00000,0x00000000f26fe8e0,0x00000000f2700000)
  to   space 15872K, 0% used [0x00000000f4e80000,0x00000000f4e80000,0x00000000f5e00000)
 ParOldGen       total 49152K, used 30996K [0x00000000c4000000, 0x00000000c7000000, 0x00000000ec000000)
  object space 49152K, 63% used [0x00000000c4000000,0x00000000c5e45070,0x00000000c7000000)
 Metaspace       used 31580K, capacity 32088K, committed 32256K, reserved 1077248K
  class space    used 3629K, capacity 3822K, committed 3840K, reserved 1048576K
}
Event: 52,527 GC heap before
{Heap before GC invocations=13 (full 1):
 PSYoungGen      total 105472K, used 58810K [0x00000000ec000000, 0x00000000f5e00000, 0x0000000100000000)
  eden space 94208K, 50% used [0x00000000ec000000,0x00000000eee6ff38,0x00000000f1c00000)
  from space 11264K, 99% used [0x00000000f1c00000,0x00000000f26fe8e0,0x00000000f2700000)
  to   space 15872K, 0% used [0x00000000f4e80000,0x00000000f4e80000,0x00000000f5e00000)
 ParOldGen       total 49152K, used 30996K [0x00000000c4000000, 0x00000000c7000000, 0x00000000ec000000)
  object space 49152K, 63% used [0x00000000c4000000,0x00000000c5e45070,0x00000000c7000000)
 Metaspace       used 34671K, capacity 35286K, committed 35496K, reserved 1081344K
  class space    used 3999K, capacity 4284K, committed 4352K, reserved 1048576K
Event: 52,987 GC heap after
Heap after GC invocations=13 (full 1):
 PSYoungGen      total 141824K, used 3328K [0x00000000ec000000, 0x00000000f5c00000, 0x0000000100000000)
  eden space 128000K, 0% used [0x00000000ec000000,0x00000000ec000000,0x00000000f3d00000)
  from space 13824K, 24% used [0x00000000f4e80000,0x00000000f51c03f8,0x00000000f5c00000)
  to   space 15872K, 0% used [0x00000000f3d00000,0x00000000f3d00000,0x00000000f4c80000)
 ParOldGen       total 49152K, used 39554K [0x00000000c4000000, 0x00000000c7000000, 0x00000000ec000000)
  object space 49152K, 80% used [0x00000000c4000000,0x00000000c66a0a48,0x00000000c7000000)
 Metaspace       used 34671K, capacity 35286K, committed 35496K, reserved 1081344K
  class space    used 3999K, capacity 4284K, committed 4352K, reserved 1048576K
}
Event: 53,034 GC heap before
{Heap before GC invocations=14 (full 2):
 PSYoungGen      total 141824K, used 3328K [0x00000000ec000000, 0x00000000f5c00000, 0x0000000100000000)
  eden space 128000K, 0% used [0x00000000ec000000,0x00000000ec000000,0x00000000f3d00000)
  from space 13824K, 24% used [0x00000000f4e80000,0x00000000f51c03f8,0x00000000f5c00000)
  to   space 15872K, 0% used [0x00000000f3d00000,0x00000000f3d00000,0x00000000f4c80000)
 ParOldGen       total 49152K, used 39554K [0x00000000c4000000, 0x00000000c7000000, 0x00000000ec000000)
  object space 49152K, 80% used [0x00000000c4000000,0x00000000c66a0a48,0x00000000c7000000)
 Metaspace       used 34671K, capacity 35286K, committed 35496K, reserved 1081344K
  class space    used 3999K, capacity 4284K, committed 4352K, reserved 1048576K
Event: 53,494 GC heap after
Heap after GC invocations=14 (full 2):
 PSYoungGen      total 141824K, used 0K [0x00000000ec000000, 0x00000000f5c00000, 0x0000000100000000)
  eden space 128000K, 0% used [0x00000000ec000000,0x00000000ec000000,0x00000000f3d00000)
  from space 13824K, 0% used [0x00000000f4e80000,0x00000000f4e80000,0x00000000f5c00000)
  to   space 15872K, 0% used [0x00000000f3d00000,0x00000000f3d00000,0x00000000f4c80000)
 ParOldGen       total 72192K, used 30249K [0x00000000c4000000, 0x00000000c8680000, 0x00000000ec000000)
  object space 72192K, 41% used [0x00000000c4000000,0x00000000c5d8a410,0x00000000c8680000)
 Metaspace       used 34460K, capacity 35054K, committed 35496K, reserved 1081344K
  class space    used 3980K, capacity 4248K, committed 4352K, reserved 1048576K
}
Event: 64,119 GC heap before
{Heap before GC invocations=15 (full 2):
 PSYoungGen      total 141824K, used 3649K [0x00000000ec000000, 0x00000000f5c00000, 0x0000000100000000)
  eden space 128000K, 2% used [0x00000000ec000000,0x00000000ec3905b0,0x00000000f3d00000)
  from space 13824K, 0% used [0x00000000f4e80000,0x00000000f4e80000,0x00000000f5c00000)
  to   space 15872K, 0% used [0x00000000f3d00000,0x00000000f3d00000,0x00000000f4c80000)
 ParOldGen       total 72192K, used 30249K [0x00000000c4000000, 0x00000000c8680000, 0x00000000ec000000)
  object space 72192K, 41% used [0x00000000c4000000,0x00000000c5d8a410,0x00000000c8680000)
 Metaspace       used 34498K, capacity 35124K, committed 35496K, reserved 1081344K
  class space    used 3983K, capacity 4249K, committed 4352K, reserved 1048576K

Deoptimization events (10 events):
Event: 34,735 Thread 0x00007f948103a800 Uncommon trap: reason=bimorphic action=maybe_recompile pc=0x00007f9471e119d0 method=java.util.Hashtable.addEntry(ILjava/lang/Object;Ljava/lang/Object;I)V @ 38
Event: 40,607 Thread 0x00007f9480009800 Uncommon trap: reason=unstable_if action=reinterpret pc=0x00007f9471e3635c method=java.util.jar.Attributes.read(Ljava/util/jar/Manifest$FastInputStream;[B)V @ 58
Event: 40,918 Thread 0x00007f9480009800 Uncommon trap: reason=unstable_if action=reinterpret pc=0x00007f94712ace28 method=java.util.ArrayList.indexOf(Ljava/lang/Object;)I @ 1
Event: 45,726 Thread 0x00007f9480009800 Uncommon trap: reason=unstable_if action=reinterpret pc=0x00007f9471702aa8 method=java.util.regex.Pattern.compile()V @ 320
Event: 52,169 Thread 0x00007f9480009800 Uncommon trap: reason=unstable_if action=reinterpret pc=0x00007f94712824fc method=sun.nio.cs.StreamDecoder.read0()I @ 11
Event: 52,186 Thread 0x00007f9480009800 Uncommon trap: reason=bimorphic action=maybe_recompile pc=0x00007f9471e119d0 method=java.util.Hashtable.addEntry(ILjava/lang/Object;Ljava/lang/Object;I)V @ 38
Event: 61,119 Thread 0x00007f9480009800 Uncommon trap: reason=bimorphic action=maybe_recompile pc=0x00007f9471bc9ad4 method=java.util.Hashtable.get(Ljava/lang/Object;)Ljava/lang/Object; @ 6
Event: 62,162 Thread 0x00007f9480009800 Uncommon trap: reason=bimorphic action=maybe_recompile pc=0x00007f9471bc9ad4 method=java.util.Hashtable.get(Ljava/lang/Object;)Ljava/lang/Object; @ 6
Event: 62,162 Thread 0x00007f9480009800 Uncommon trap: reason=bimorphic action=maybe_recompile pc=0x00007f9471bc9ad4 method=java.util.Hashtable.get(Ljava/lang/Object;)Ljava/lang/Object; @ 6
Event: 62,162 Thread 0x00007f9480009800 Uncommon trap: reason=bimorphic action=maybe_recompile pc=0x00007f9471bc9ad4 method=java.util.Hashtable.get(Ljava/lang/Object;)Ljava/lang/Object; @ 6

Internal exceptions (10 events):
Event: 17,751 Thread 0x00007f9480009800 Exception <a 'java/io/FileNotFoundException'> (0x00000000f1491658) thrown at [/HUDSON3/workspace/8-2-build-linux-amd64/jdk8u121/8372/hotspot/src/share/vm/prims/jni.cpp, line 709]
Event: 17,751 Thread 0x00007f9480009800 Exception <a 'java/io/FileNotFoundException'> (0x00000000f1492588) thrown at [/HUDSON3/workspace/8-2-build-linux-amd64/jdk8u121/8372/hotspot/src/share/vm/prims/jni.cpp, line 709]
Event: 18,560 Thread 0x00007f9480009800 Exception <a 'java/lang/NoClassDefFoundError': org/slf4j/Logger> (0x00000000ecab8e70) thrown at [/HUDSON3/workspace/8-2-build-linux-amd64/jdk8u121/8372/hotspot/src/share/vm/oops/constantPool.cpp, line 235]
Event: 18,817 Thread 0x00007f9480009800 Implicit null exception at 0x00007f94718f7618 to 0x00007f94718f765e
Event: 18,851 Thread 0x00007f9480d17800 Implicit null exception at 0x00007f9471475d88 to 0x00007f9471475e41
Event: 19,219 Thread 0x00007f9480009800 Implicit null exception at 0x00007f947160be9f to 0x00007f947160c839
Event: 40,918 Thread 0x00007f9480009800 Implicit null exception at 0x00007f94712ab3b5 to 0x00007f94712ace19
Event: 41,112 Thread 0x00007f9480009800 Exception <a 'java/lang/NoClassDefFoundError': org/slf4j/Logger> (0x00000000ee306170) thrown at [/HUDSON3/workspace/8-2-build-linux-amd64/jdk8u121/8372/hotspot/src/share/vm/oops/constantPool.cpp, line 235]
Event: 44,036 Thread 0x00007f9480009800 Exception <a 'java/io/FileNotFoundException'> (0x00000000ee561460) thrown at [/HUDSON3/workspace/8-2-build-linux-amd64/jdk8u121/8372/hotspot/src/share/vm/prims/jni.cpp, line 709]
Event: 44,037 Thread 0x00007f9480009800 Exception <a 'java/io/FileNotFoundException'> (0x00000000ee562148) thrown at [/HUDSON3/workspace/8-2-build-linux-amd64/jdk8u121/8372/hotspot/src/share/vm/prims/jni.cpp, line 709]

Events (10 events):
Event: 62,162 Thread 0x00007f9480009800 DEOPT UNPACKING pc=0x00007f9471005229 sp=0x00007f94877873b8 mode 2
Event: 62,162 Thread 0x00007f9480009800 Uncommon trap: trap_request=0xffffffc6 fr.pc=0x00007f9471bc9ad4
Event: 62,162 Thread 0x00007f9480009800 DEOPT PACKING pc=0x00007f9471bc9ad4 sp=0x00007f9487787400
Event: 62,162 Thread 0x00007f9480009800 DEOPT UNPACKING pc=0x00007f9471005229 sp=0x00007f94877873b8 mode 2
Event: 62,253 Thread 0x00007f94800be000 flushing nmethod 0x00007f94713baa50
Event: 62,253 Thread 0x00007f94800be000 flushing nmethod 0x00007f94713fee90
Event: 62,253 Thread 0x00007f94800be000 flushing nmethod 0x00007f94714494d0
Event: 62,254 Thread 0x00007f94800be000 flushing nmethod 0x00007f9471526390
Event: 62,254 Thread 0x00007f94800be000 flushing nmethod 0x00007f9471551410
Event: 63,791 Executing VM operation: ParallelGCSystemGC


Dynamic libraries:
00400000-00401000 r-xp 00000000 08:01 4459169                            /usr/lib/jvm/bin/java
00600000-00601000 rw-p 00000000 08:01 4459169                            /usr/lib/jvm/bin/java
007e7000-00808000 rw-p 00000000 00:00 0                                  [heap]
c4000000-c8680000 rw-p 00000000 00:00 0 
c8680000-ec000000 ---p 00000000 00:00 0 
ec000000-f5c00000 rw-p 00000000 00:00 0 
f8280000-100000000 ---p 00000000 00:00 0 
100000000-100440000 rw-p 00000000 00:00 0 
100440000-140000000 ---p 00000000 00:00 0 
7f9414000000-7f9414021000 rw-p 00000000 00:00 0 
7f9414021000-7f9418000000 ---p 00000000 00:00 0 
7f9418000000-7f9418021000 rw-p 00000000 00:00 0 
7f9418021000-7f941c000000 ---p 00000000 00:00 0 
7f941c000000-7f941c021000 rw-p 00000000 00:00 0 
7f941c021000-7f9420000000 ---p 00000000 00:00 0 
7f9420000000-7f9420021000 rw-p 00000000 00:00 0 
7f9420021000-7f9424000000 ---p 00000000 00:00 0 
7f9424000000-7f9424021000 rw-p 00000000 00:00 0 
7f9424021000-7f9428000000 ---p 00000000 00:00 0 
7f9428000000-7f9428021000 rw-p 00000000 00:00 0 
7f9428021000-7f942c000000 ---p 00000000 00:00 0 
7f942c000000-7f942c021000 rw-p 00000000 00:00 0 
7f942c021000-7f9430000000 ---p 00000000 00:00 0 
7f9430000000-7f9430021000 rw-p 00000000 00:00 0 
7f9430021000-7f9434000000 ---p 00000000 00:00 0 
7f94346ca000-7f9434734000 rw-p 00000000 00:00 0 
7f9434734000-7f94348ca000 ---p 00000000 00:00 0 
7f94348ca000-7f94348cf000 r-xp 00000000 08:01 19144382                   /usr/lib/x86_64-linux-gnu/libXdmcp.so.6.0.0
7f94348cf000-7f9434ace000 ---p 00005000 08:01 19144382                   /usr/lib/x86_64-linux-gnu/libXdmcp.so.6.0.0
7f9434ace000-7f9434acf000 r--p 00004000 08:01 19144382                   /usr/lib/x86_64-linux-gnu/libXdmcp.so.6.0.0
7f9434acf000-7f9434ad0000 rw-p 00005000 08:01 19144382                   /usr/lib/x86_64-linux-gnu/libXdmcp.so.6.0.0
7f9434ad0000-7f9434ad2000 r-xp 00000000 08:01 19144371                   /usr/lib/x86_64-linux-gnu/libXau.so.6.0.0
7f9434ad2000-7f9434cd2000 ---p 00002000 08:01 19144371                   /usr/lib/x86_64-linux-gnu/libXau.so.6.0.0
7f9434cd2000-7f9434cd3000 r--p 00002000 08:01 19144371                   /usr/lib/x86_64-linux-gnu/libXau.so.6.0.0
7f9434cd3000-7f9434cd4000 rw-p 00003000 08:01 19144371                   /usr/lib/x86_64-linux-gnu/libXau.so.6.0.0
7f9434cd4000-7f9434cf5000 r-xp 00000000 08:01 19145780                   /usr/lib/x86_64-linux-gnu/libxcb.so.1.1.0
7f9434cf5000-7f9434ef4000 ---p 00021000 08:01 19145780                   /usr/lib/x86_64-linux-gnu/libxcb.so.1.1.0
7f9434ef4000-7f9434ef5000 r--p 00020000 08:01 19145780                   /usr/lib/x86_64-linux-gnu/libxcb.so.1.1.0
7f9434ef5000-7f9434ef6000 rw-p 00021000 08:01 19145780                   /usr/lib/x86_64-linux-gnu/libxcb.so.1.1.0
7f9434ef6000-7f9434f05000 r-xp 00000000 08:01 19144392                   /usr/lib/x86_64-linux-gnu/libXi.so.6.1.0
7f9434f05000-7f9435104000 ---p 0000f000 08:01 19144392                   /usr/lib/x86_64-linux-gnu/libXi.so.6.1.0
7f9435104000-7f9435105000 r--p 0000e000 08:01 19144392                   /usr/lib/x86_64-linux-gnu/libXi.so.6.1.0
7f9435105000-7f9435106000 rw-p 0000f000 08:01 19144392                   /usr/lib/x86_64-linux-gnu/libXi.so.6.1.0
7f9435106000-7f943510b000 r-xp 00000000 08:01 19144410                   /usr/lib/x86_64-linux-gnu/libXtst.so.6.1.0
7f943510b000-7f943530a000 ---p 00005000 08:01 19144410                   /usr/lib/x86_64-linux-gnu/libXtst.so.6.1.0
7f943530a000-7f943530b000 r--p 00004000 08:01 19144410                   /usr/lib/x86_64-linux-gnu/libXtst.so.6.1.0
7f943530b000-7f943530c000 rw-p 00005000 08:01 19144410                   /usr/lib/x86_64-linux-gnu/libXtst.so.6.1.0
7f943530c000-7f9435315000 r-xp 00000000 08:01 19144404                   /usr/lib/x86_64-linux-gnu/libXrender.so.1.3.0
7f9435315000-7f9435514000 ---p 00009000 08:01 19144404                   /usr/lib/x86_64-linux-gnu/libXrender.so.1.3.0
7f9435514000-7f9435515000 r--p 00008000 08:01 19144404                   /usr/lib/x86_64-linux-gnu/libXrender.so.1.3.0
7f9435515000-7f9435516000 rw-p 00009000 08:01 19144404                   /usr/lib/x86_64-linux-gnu/libXrender.so.1.3.0
7f9435516000-7f943564b000 r-xp 00000000 08:01 19144367                   /usr/lib/x86_64-linux-gnu/libX11.so.6.3.0
7f943564b000-7f943584b000 ---p 00135000 08:01 19144367                   /usr/lib/x86_64-linux-gnu/libX11.so.6.3.0
7f943584b000-7f943584c000 r--p 00135000 08:01 19144367                   /usr/lib/x86_64-linux-gnu/libX11.so.6.3.0
7f943584c000-7f9435850000 rw-p 00136000 08:01 19144367                   /usr/lib/x86_64-linux-gnu/libX11.so.6.3.0
7f9435850000-7f9435861000 r-xp 00000000 08:01 19144384                   /usr/lib/x86_64-linux-gnu/libXext.so.6.4.0
7f9435861000-7f9435a60000 ---p 00011000 08:01 19144384                   /usr/lib/x86_64-linux-gnu/libXext.so.6.4.0
7f9435a60000-7f9435a61000 r--p 00010000 08:01 19144384                   /usr/lib/x86_64-linux-gnu/libXext.so.6.4.0
7f9435a61000-7f9435a62000 rw-p 00011000 08:01 19144384                   /usr/lib/x86_64-linux-gnu/libXext.so.6.4.0
7f9435a62000-7f9435ab6000 r-xp 00000000 08:01 4459280                    /usr/lib/jvm/jre/lib/amd64/libawt_xawt.so
7f9435ab6000-7f9435cb6000 ---p 00054000 08:01 4459280                    /usr/lib/jvm/jre/lib/amd64/libawt_xawt.so
7f9435cb6000-7f9435cba000 rw-p 00054000 08:01 4459280                    /usr/lib/jvm/jre/lib/amd64/libawt_xawt.so
7f9435cba000-7f9435cbb000 rw-p 00000000 00:00 0 
7f9435cbb000-7f9435d5d000 r-xp 00000000 08:01 4459313                    /usr/lib/jvm/jre/lib/amd64/libawt.so
7f9435d5d000-7f9435f5d000 ---p 000a2000 08:01 4459313                    /usr/lib/jvm/jre/lib/amd64/libawt.so
7f9435f5d000-7f9435f69000 rw-p 000a2000 08:01 4459313                    /usr/lib/jvm/jre/lib/amd64/libawt.so
7f9435f69000-7f9435f8d000 rw-p 00000000 00:00 0 
7f9435f8d000-7f9435f90000 ---p 00000000 00:00 0 
7f9435f90000-7f943608e000 rw-p 00000000 00:00 0 
7f943608e000-7f9436091000 ---p 00000000 00:00 0 
7f9436091000-7f943618f000 rw-p 00000000 00:00 0 
7f943618f000-7f9436192000 ---p 00000000 00:00 0 
7f9436192000-7f9436290000 rw-p 00000000 00:00 0 
7f9436290000-7f9436293000 ---p 00000000 00:00 0 
7f9436293000-7f9436391000 rw-p 00000000 00:00 0 
7f9436391000-7f9436394000 ---p 00000000 00:00 0 
7f9436394000-7f9436692000 rw-p 00000000 00:00 0 
7f9436692000-7f9436695000 ---p 00000000 00:00 0 
7f9436695000-7f9436793000 rw-p 00000000 00:00 0 
7f9436793000-7f9436796000 ---p 00000000 00:00 0 
7f9436796000-7f9436a94000 rw-p 00000000 00:00 0 
7f9436a94000-7f9436c94000 rw-p 00000000 00:00 0 
7f9436c94000-7f9436e94000 rw-p 00000000 00:00 0 
7f9436f54000-7f9437154000 rw-p 00000000 00:00 0 
7f9437154000-7f9437354000 rw-p 00000000 00:00 0 
7f9437354000-7f9437357000 r--s 0001a000 08:01 4459507                    /usr/lib/jvm/jre/lib/jce.jar
7f94373e6000-7f94373e8000 r--s 00007000 08:01 5898333                    /home/saya/.m2/repository/org/apache/maven/shared/maven-filtering/1.0-beta-2/maven-filtering-1.0-beta-2.jar
7f94373e8000-7f94373ec000 r--s 00035000 08:01 5639398                    /home/saya/.m2/repository/org/codehaus/plexus/plexus-utils/3.0.8/plexus-utils-3.0.8.jar
7f94373ec000-7f94373ee000 r--s 00005000 08:01 5898331                    /home/saya/.m2/repository/xpp3/xpp3_min/1.1.4c/xpp3_min-1.1.4c.jar
7f94373ee000-7f94373ef000 r--s 00001000 08:01 6553866                    /home/saya/.m2/repository/xmlpull/xmlpull/1.1.3.1/xmlpull-1.1.3.1.jar
7f94373ef000-7f94373fb000 r--s 0006a000 08:01 6553867                    /home/saya/.m2/repository/com/thoughtworks/xstream/xstream/1.4.3/xstream-1.4.3.jar
7f94373fb000-7f94373fd000 r--s 0000d000 08:01 5637013                    /home/saya/.m2/repository/org/codehaus/plexus/plexus-interpolation/1.15/plexus-interpolation-1.15.jar
7f94373fd000-7f9437400000 r--s 0000c000 08:01 6553865                    /home/saya/.m2/repository/org/codehaus/plexus/plexus-io/2.0.5/plexus-io-2.0.5.jar
7f9437400000-7f9437402000 r--s 00004000 08:01 5636993                    /home/saya/.m2/repository/org/apache/maven/maven-archiver/2.5/maven-archiver-2.5.jar
7f9437402000-7f9437404000 r--s 00013000 08:01 6032824                    /home/saya/.m2/repository/org/apache/maven/plugins/maven-war-plugin/2.3/maven-war-plugin-2.3.jar
7f9437404000-7f9437405000 r--s 00002000 08:01 5769717                    /home/saya/.m2/repository/org/apache/maven/reporting/maven-reporting-api/2.0.9/maven-reporting-api-2.0.9.jar
7f9437405000-7f9437408000 r--s 00034000 08:01 6553820                    /home/saya/.m2/repository/org/codehaus/plexus/plexus-utils/2.1/plexus-utils-2.1.jar
7f9437408000-7f943740a000 r--s 00006000 08:01 6553818                    /home/saya/.m2/repository/org/apache/maven/shared/maven-common-artifact-filters/1.3/maven-common-artifact-filters-1.3.jar
7f943740a000-7f943740c000 r--s 0000d000 08:01 6553819                    /home/saya/.m2/repository/org/apache/maven/surefire/maven-surefire-common/2.10/maven-surefire-common-2.10.jar
7f943740c000-7f9437411000 r--s 00023000 08:01 6553821                    /home/saya/.m2/repository/org/apache/maven/surefire/surefire-api/2.10/surefire-api-2.10.jar
7f9437411000-7f9437413000 r--s 00007000 08:01 6553817                    /home/saya/.m2/repository/org/apache/maven/surefire/surefire-booter/2.10/surefire-booter-2.10.jar
7f9437413000-7f9437415000 r--s 00006000 08:01 5899423                    /home/saya/.m2/repository/org/apache/maven/plugins/maven-surefire-plugin/2.10/maven-surefire-plugin-2.10.jar
7f9437415000-7f9437615000 rw-p 00000000 00:00 0 
7f9437615000-7f9437815000 rw-p 00000000 00:00 0 
7f9437815000-7f943788f000 r--s 010f6000 08:01 4458391                    /usr/lib/jvm/lib/tools.jar
7f943788f000-7f9437892000 r--s 0001b000 08:01 5636875                    /home/saya/.m2/repository/junit/junit/3.8.2/junit-3.8.2.jar
7f9437892000-7f94378a0000 r--s 0008f000 08:01 5636873                    /home/saya/.m2/repository/com/google/collections/google-collections/1.0/google-collections-1.0.jar
7f94378a0000-7f94378a1000 r--s 0000a000 08:01 5636871                    /home/saya/.m2/repository/commons-logging/commons-logging-api/1.1/commons-logging-api-1.1.jar
7f94378a1000-7f94378a8000 r--s 00051000 08:01 5636869                    /home/saya/.m2/repository/log4j/log4j/1.2.12/log4j-1.2.12.jar
7f94378a8000-7f94378ac000 r--s 0001d000 08:01 5636867                    /home/saya/.m2/repository/org/apache/xbean/xbean-reflect/3.4/xbean-reflect-3.4.jar
7f94378ac000-7f94378ad000 r--s 00004000 08:01 5636861                    /home/saya/.m2/repository/org/codehaus/plexus/plexus-compiler-javac/2.2/plexus-compiler-javac-2.2.jar
7f94378ad000-7f94378af000 r--s 00000000 08:01 5636859                    /home/saya/.m2/repository/org/codehaus/plexus/plexus-compiler-manager/2.2/plexus-compiler-manager-2.2.jar
7f94378af000-7f94378b1000 r--s 00005000 08:01 5636857                    /home/saya/.m2/repository/org/codehaus/plexus/plexus-compiler-api/2.2/plexus-compiler-api-2.2.jar
7f94378b1000-7f94378b3000 r--s 00002000 08:01 5636853                    /home/saya/.m2/repository/org/apache/maven/shared/maven-shared-incremental/1.1/maven-shared-incremental-1.1.jar
7f94378b3000-7f94378b5000 r--s 00006000 08:01 5636851                    /home/saya/.m2/repository/com/google/code/findbugs/jsr305/2.0.1/jsr305-2.0.1.jar
7f94378b5000-7f94378b8000 r--s 00023000 08:01 5636849                    /home/saya/.m2/repository/org/apache/maven/shared/maven-shared-utils/0.1/maven-shared-utils-0.1.jar
7f94378b8000-7f94378bc000 r--s 00030000 08:01 5636821                    /home/saya/.m2/repository/org/codehaus/plexus/plexus-utils/1.5.1/plexus-utils-1.5.1.jar
7f94378bc000-7f94378be000 r--s 00009000 08:01 5636223                    /home/saya/.m2/repository/org/apache/maven/plugins/maven-compiler-plugin/3.1/maven-compiler-plugin-3.1.jar
7f94378be000-7f94378c0000 r--s 0000d000 08:01 5637067                    /home/saya/.m2/repository/org/codehaus/plexus/plexus-interpolation/1.13/plexus-interpolation-1.13.jar
7f94378c0000-7f94378c1000 r--s 00001000 08:01 5637065                    /home/saya/.m2/repository/org/sonatype/plexus/plexus-build-api/0.0.4/plexus-build-api-0.0.4.jar
7f94378c1000-7f94378c3000 r--s 00009000 08:01 6553787                    /home/saya/.m2/repository/org/apache/maven/shared/maven-filtering/1.0/maven-filtering-1.0.jar
7f94378c3000-7f94378c7000 r--s 00033000 08:01 5637061                    /home/saya/.m2/repository/org/codehaus/plexus/plexus-utils/2.0.5/plexus-utils-2.0.5.jar
7f94378c7000-7f94378c8000 r--s 00001000 08:01 5637001                    /home/saya/.m2/repository/org/apache/maven/doxia/doxia-sink-api/1.0-alpha-7/doxia-sink-api-1.0-alpha-7.jar
7f94378c8000-7f94378c9000 r--s 00002000 08:01 5636999                    /home/saya/.m2/repository/org/apache/maven/reporting/maven-reporting-api/2.0.6/maven-reporting-api-2.0.6.jar
7f94378c9000-7f94378cb000 r--s 00005000 08:01 5769702                    /home/saya/.m2/repository/org/apache/maven/plugins/maven-resources-plugin/2.5/maven-resources-plugin-2.5.jar
7f94378cb000-7f94378d9000 r--s 0007f000 08:01 6294504                    /home/saya/.m2/repository/commons-collections/commons-collections/3.2.1/commons-collections-3.2.1.jar
7f94378d9000-7f94378de000 r--s 00041000 08:01 6553764                    /home/saya/.m2/repository/commons-lang/commons-lang/2.6/commons-lang-2.6.jar
7f94378de000-7f94378e0000 r--s 00006000 08:01 6553765                    /home/saya/.m2/repository/org/apache/maven/shared/maven-invoker/2.0.11/maven-invoker-2.0.11.jar
7f94378e0000-7f94378e2000 r--s 00006000 08:01 6553763                    /home/saya/.m2/repository/org/apache/maven/shared/maven-common-artifact-filters/1.4/maven-common-artifact-filters-1.4.jar
7f94378e2000-7f94378e4000 r--s 0000c000 08:01 6553761                    /home/saya/.m2/repository/org/apache/maven/shared/maven-dependency-tree/2.0/maven-dependency-tree-2.0.jar
7f94378e4000-7f94378e6000 r--s 00000000 08:01 5636855                    /home/saya/.m2/repository/org/codehaus/plexus/plexus-component-annotations/1.5.5/plexus-component-annotations-1.5.5.jar
7f94378e6000-7f94378e8000 r--s 00005000 08:01 6553759                    /home/saya/.m2/repository/org/apache/maven/shared/maven-dependency-analyzer/1.3/maven-dependency-analyzer-1.3.jar
7f94378e8000-7f94378eb000 r--s 0000c000 08:01 6423511                    /home/saya/.m2/repository/org/codehaus/plexus/plexus-io/2.0.6/plexus-io-2.0.6.jar
7f94378eb000-7f94378ee000 r--s 0001b000 08:01 5636221                    /home/saya/.m2/repository/junit/junit/3.8.1/junit-3.8.1.jar
7f94378ee000-7f9437aee000 rw-p 00000000 00:00 0 
7f9437aee000-7f9437aff000 r-xp 00000000 08:01 4459278                    /usr/lib/jvm/jre/lib/amd64/libnio.so
7f9437aff000-7f9437cfe000 ---p 00011000 08:01 4459278                    /usr/lib/jvm/jre/lib/amd64/libnio.so
7f9437cfe000-7f9437cff000 rw-p 00010000 08:01 4459278                    /usr/lib/jvm/jre/lib/amd64/libnio.so
7f9437cff000-7f9438000000 rw-p 00000000 00:00 0 
7f9438000000-7f9438021000 rw-p 00000000 00:00 0 
7f9438021000-7f943c000000 ---p 00000000 00:00 0 
7f943c000000-7f943c021000 rw-p 00000000 00:00 0 
7f943c021000-7f9440000000 ---p 00000000 00:00 0 
7f9440000000-7f94416a8000 rw-p 00000000 00:00 0 
7f94416a8000-7f9444000000 ---p 00000000 00:00 0 
7f9444000000-7f94448b3000 rw-p 00000000 00:00 0 
7f94448b3000-7f9448000000 ---p 00000000 00:00 0 
7f9448000000-7f9448021000 rw-p 00000000 00:00 0 
7f9448021000-7f944c000000 ---p 00000000 00:00 0 
7f944c000000-7f944df83000 rw-p 00000000 00:00 0 
7f944df83000-7f9450000000 ---p 00000000 00:00 0 
7f9450000000-7f9450021000 rw-p 00000000 00:00 0 
7f9450021000-7f9454000000 ---p 00000000 00:00 0 
7f9454000000-7f9454021000 rw-p 00000000 00:00 0 
7f9454021000-7f9458000000 ---p 00000000 00:00 0 
7f9458000000-7f945828e000 rw-p 00000000 00:00 0 
7f945828e000-7f945c000000 ---p 00000000 00:00 0 
7f945c000000-7f945c001000 r--s 0000a000 08:01 6553762                    /home/saya/.m2/repository/asm/asm/3.3.1/asm-3.3.1.jar
7f945c001000-7f945c003000 r--s 00008000 08:01 6423508                    /home/saya/.m2/repository/org/apache/maven/shared/maven-shared-io/1.1/maven-shared-io-1.1.jar
7f945c003000-7f945c005000 r--s 00008000 08:01 6423507                    /home/saya/.m2/repository/org/apache/maven/shared/file-management/1.2.1/file-management-1.2.1.jar
7f945c005000-7f945c009000 r--s 00035000 08:01 6423506                    /home/saya/.m2/repository/org/codehaus/plexus/plexus-utils/3.0.9/plexus-utils-3.0.9.jar
7f945c009000-7f945c00e000 r--s 00029000 08:01 6423504                    /home/saya/.m2/repository/org/codehaus/plexus/plexus-archiver/2.2/plexus-archiver-2.2.jar
7f945c00e000-7f945c010000 r--s 00004000 08:01 6423500                    /home/saya/.m2/repository/org/apache/maven/doxia/doxia-module-xhtml/1.0/doxia-module-xhtml-1.0.jar
7f945c010000-7f945c011000 r--s 00006000 08:01 6423499                    /home/saya/.m2/repository/org/apache/maven/doxia/doxia-module-xdoc/1.0/doxia-module-xdoc-1.0.jar
7f945c011000-7f945c012000 r--s 00004000 08:01 6423497                    /home/saya/.m2/repository/org/apache/maven/doxia/doxia-module-fml/1.0/doxia-module-fml-1.0.jar
7f945c012000-7f945c014000 r--s 0000a000 08:01 6423496                    /home/saya/.m2/repository/org/apache/maven/doxia/doxia-module-apt/1.0/doxia-module-apt-1.0.jar
7f945c014000-7f945c015000 r--s 0000b000 08:01 6423493                    /home/saya/.m2/repository/org/apache/maven/doxia/doxia-decoration-model/1.0/doxia-decoration-model-1.0.jar
7f945c015000-7f945c01d000 r--s 00058000 08:01 6423494                    /home/saya/.m2/repository/org/apache/velocity/velocity/1.5/velocity-1.5.jar
7f945c01d000-7f945c01e000 r--s 00001000 08:01 6423492                    /home/saya/.m2/repository/org/codehaus/plexus/plexus-velocity/1.1.7/plexus-velocity-1.1.7.jar
7f945c01e000-7f945c01f000 r--s 00002000 08:01 5899429                    /home/saya/.m2/repository/org/codehaus/plexus/plexus-i18n/1.0-beta-7/plexus-i18n-1.0-beta-7.jar
7f945c01f000-7f945c021000 r--s 0000a000 08:01 5899428                    /home/saya/.m2/repository/org/apache/maven/doxia/doxia-site-renderer/1.0/doxia-site-renderer-1.0.jar
7f945c021000-7f945c022000 r--s 00002000 08:01 5769137                    /home/saya/.m2/repository/org/apache/maven/doxia/doxia-sink-api/1.0/doxia-sink-api-1.0.jar
7f945c022000-7f945c027000 r--s 00016000 08:01 6294454                    /home/saya/.m2/repository/xml-apis/xml-apis/1.0.b2/xml-apis-1.0.b2.jar
7f945c027000-7f945c029000 r--s 0000e000 08:01 6423487                    /home/saya/.m2/repository/oro/oro/2.0.8/oro-2.0.8.jar
7f945c029000-7f945c02b000 r--s 00008000 08:01 6423485                    /home/saya/.m2/repository/commons-logging/commons-logging/1.0.4/commons-logging-1.0.4.jar
7f945c02b000-7f945c02f000 r--s 00026000 08:01 6423483                    /home/saya/.m2/repository/commons-digester/commons-digester/1.6/commons-digester-1.6.jar
7f945c02f000-7f945c034000 r--s 0002a000 08:01 6423481                    /home/saya/.m2/repository/commons-beanutils/commons-beanutils/1.7.0/commons-beanutils-1.7.0.jar
7f945c034000-7f945c037000 r--s 00014000 08:01 6423480                    /home/saya/.m2/repository/commons-validator/commons-validator/1.2.0/commons-validator-1.2.0.jar
7f945c037000-7f945c03a000 r--s 00018000 08:01 6423479                    /home/saya/.m2/repository/commons-io/commons-io/1.4/commons-io-1.4.jar
7f945c03a000-7f945c03c000 r--s 00009000 08:01 6423478                    /home/saya/.m2/repository/org/apache/maven/shared/maven-doxia-tools/1.0.2/maven-doxia-tools-1.0.2.jar
7f945c03c000-7f945c03f000 r--s 0000b000 08:01 5769130                    /home/saya/.m2/repository/org/apache/maven/doxia/doxia-core/1.0/doxia-core-1.0.jar
7f945c03f000-7f945c041000 r--s 00004000 08:01 5769129                    /home/saya/.m2/repository/org/apache/maven/reporting/maven-reporting-impl/2.0.5/maven-reporting-impl-2.0.5.jar
7f945c041000-7f945c042000 r--s 00002000 08:01 5769128                    /home/saya/.m2/repository/org/apache/maven/reporting/maven-reporting-api/3.0/maven-reporting-api-3.0.jar
7f945c042000-7f945c044000 r--s 00002000 08:01 5637009                    /home/saya/.m2/repository/org/codehaus/plexus/plexus-interactivity-api/1.0-alpha-4/plexus-interactivity-api-1.0-alpha-4.jar
7f945c044000-7f945c046000 r--s 00006000 08:01 5637005                    /home/saya/.m2/repository/commons-cli/commons-cli/1.0/commons-cli-1.0.jar
7f945c046000-7f945c049000 r--s 00021000 08:01 6294600                    /home/saya/.m2/repository/org/apache/maven/plugins/maven-dependency-plugin/2.6/maven-dependency-plugin-2.6.jar
7f945c049000-7f945c05f000 r-xp 00000000 08:01 4459253                    /usr/lib/jvm/jre/lib/amd64/libnet.so
7f945c05f000-7f945c25f000 ---p 00016000 08:01 4459253                    /usr/lib/jvm/jre/lib/amd64/libnet.so
7f945c25f000-7f945c260000 rw-p 00016000 08:01 4459253                    /usr/lib/jvm/jre/lib/amd64/libnet.so
7f945c260000-7f945c263000 ---p 00000000 00:00 0 
7f945c263000-7f945c299000 rw-p 00000000 00:00 0 
7f945c299000-7f945c29a000 r--p 00000000 00:00 0 
7f945c29a000-7f945c49a000 rw-p 00000000 00:00 0 
7f945c49a000-7f945c49e000 r--s 0009a000 08:01 4459197                    /usr/lib/jvm/jre/lib/jsse.jar
7f945c49e000-7f945c69e000 rw-p 00000000 00:00 0 
7f945c69e000-7f945c6a0000 r--s 0000d000 08:01 6165871                    /home/saya/software/netbeans-8.2/java/maven-nblib/netbeans-eventspy.jar
7f945c6a0000-7f945c6a4000 r--s 00013000 08:01 6165882                    /home/saya/software/netbeans-8.2/java/maven/lib/aether-api-1.13.1.jar
7f945c6a4000-7f945c6a6000 r--s 00006000 08:01 6165653                    /home/saya/software/netbeans-8.2/java/maven/lib/maven-repository-metadata-3.0.5.jar
7f945c6a6000-7f945c6a8000 r--s 00026000 08:01 6165880                    /home/saya/software/netbeans-8.2/java/maven/lib/maven-model-3.0.5.jar
7f945c6a8000-7f945c6a9000 r--s 0000a000 08:01 6165862                    /home/saya/software/netbeans-8.2/java/maven/lib/maven-embedder-3.0.5.jar
7f945c6a9000-7f945c6ab000 r--s 00009000 08:01 6165892                    /home/saya/software/netbeans-8.2/java/maven/lib/commons-cli-1.2.jar
7f945c6ab000-7f945c6ac000 r--s 00002000 08:01 6165849                    /home/saya/software/netbeans-8.2/java/maven/lib/wagon-http-shared-2.10.jar
7f945c6ac000-7f945c6ae000 r--s 0000b000 08:01 6165834                    /home/saya/software/netbeans-8.2/java/maven/lib/wagon-provider-api-2.10.jar
7f945c6ae000-7f945c6af000 r--s 00006000 08:01 6165802                    /home/saya/software/netbeans-8.2/java/maven/lib/plexus-sec-dispatcher-1.3.jar
7f945c6af000-7f945c6b0000 r--s 00002000 08:01 6165891                    /home/saya/software/netbeans-8.2/java/maven/lib/wagon-file-2.10.jar
7f945c6b0000-7f945c6b4000 r--s 00021000 08:01 6165801                    /home/saya/software/netbeans-8.2/java/maven/lib/maven-model-builder-3.0.5.jar
7f945c6b4000-7f945c6b6000 r--s 0000d000 08:01 6165803                    /home/saya/software/netbeans-8.2/java/maven/lib/plexus-interpolation-1.14.jar
7f945c6b6000-7f945c6bd000 r--s 0003f000 08:01 6165848                    /home/saya/software/netbeans-8.2/java/maven/lib/sisu-inject-bean-2.3.0.jar
7f945c6bd000-7f945c6c1000 r--s 00033000 08:01 6165874                    /home/saya/software/netbeans-8.2/java/maven/lib/plexus-utils-2.0.6.jar
7f945c6c1000-7f945c6f0000 r--s 001c8000 08:01 6165846                    /home/saya/software/netbeans-8.2/java/maven/lib/wagon-http-2.10-shaded.jar
7f945c6f0000-7f945c70f000 r--s 00154000 08:01 6165889                    /home/saya/software/netbeans-8.2/java/maven/lib/sisu-guava-0.9.9.jar
7f945c70f000-7f945c710000 ---p 00000000 00:00 0 
7f945c710000-7f945c810000 rw-p 00000000 00:00 0 
7f945c810000-7f945c813000 ---p 00000000 00:00 0 
7f945c813000-7f945c911000 rw-p 00000000 00:00 0 
7f945c911000-7f945c914000 ---p 00000000 00:00 0 
7f945c914000-7f945ca12000 rw-p 00000000 00:00 0 
7f945ca12000-7f945ca15000 ---p 00000000 00:00 0 
7f945ca15000-7f945cb13000 rw-p 00000000 00:00 0 
7f945cb13000-7f945cb16000 ---p 00000000 00:00 0 
7f945cb16000-7f945cc14000 rw-p 00000000 00:00 0 
7f945cc14000-7f945cc17000 ---p 00000000 00:00 0 
7f945cc17000-7f945cd15000 rw-p 00000000 00:00 0 
7f945cd15000-7f945cfee000 r--p 00000000 08:01 19137909                   /usr/lib/locale/locale-archive
7f945cfee000-7f945cff1000 ---p 00000000 00:00 0 
7f945cff1000-7f945d0ef000 rw-p 00000000 00:00 0 
7f945d0ef000-7f945d0f2000 ---p 00000000 00:00 0 
7f945d0f2000-7f945d1f0000 rw-p 00000000 00:00 0 
7f945d1f0000-7f945d1f1000 ---p 00000000 00:00 0 
7f945d1f1000-7f9460000000 rw-p 00000000 00:00 0 
7f9460000000-7f9460021000 rw-p 00000000 00:00 0 
7f9460021000-7f9464000000 ---p 00000000 00:00 0 
7f9464000000-7f9464021000 rw-p 00000000 00:00 0 
7f9464021000-7f9468000000 ---p 00000000 00:00 0 
7f9468000000-7f9468021000 rw-p 00000000 00:00 0 
7f9468021000-7f946c000000 ---p 00000000 00:00 0 
7f946c000000-7f946c021000 rw-p 00000000 00:00 0 
7f946c021000-7f9470000000 ---p 00000000 00:00 0 
7f9470000000-7f9470002000 r--s 00002000 08:01 6165881                    /home/saya/software/netbeans-8.2/java/maven/lib/plexus-cipher-1.7.jar
7f9470002000-7f9470009000 r--s 0002b000 08:01 6165822                    /home/saya/software/netbeans-8.2/java/maven/lib/sisu-inject-plexus-2.3.0.jar
7f9470009000-7f947000c000 r--s 00008000 08:01 6165748                    /home/saya/software/netbeans-8.2/java/maven/lib/maven-settings-builder-3.0.5.jar
7f947000c000-7f9470010000 r--s 0001c000 08:01 6165876                    /home/saya/software/netbeans-8.2/java/maven/lib/aether-util-1.13.1.jar
7f9470010000-7f947001c000 r--s 0007d000 08:01 6165888                    /home/saya/software/netbeans-8.2/java/maven/lib/maven-core-3.0.5.jar
7f947001c000-7f94700ce000 rw-p 00000000 00:00 0 
7f94700ce000-7f94702a7000 r--s 03d3e000 08:01 4459245                    /usr/lib/jvm/jre/lib/rt.jar
7f94702a7000-7f9470cfd000 rw-p 00000000 00:00 0 
7f9470cfd000-7f9470cfe000 ---p 00000000 00:00 0 
7f9470cfe000-7f9470dfe000 rw-p 00000000 00:00 0 
7f9470dfe000-7f9470dff000 ---p 00000000 00:00 0 
7f9470dff000-7f9470eff000 rw-p 00000000 00:00 0 
7f9470eff000-7f9470f00000 ---p 00000000 00:00 0 
7f9470f00000-7f9471000000 rw-p 00000000 00:00 0 
7f9471000000-7f9471f00000 rwxp 00000000 00:00 0 
7f9471f00000-7f9480000000 ---p 00000000 00:00 0 
7f9480000000-7f94811be000 rw-p 00000000 00:00 0 
7f94811be000-7f9484000000 ---p 00000000 00:00 0 
7f9484000000-7f9484008000 r--s 00050000 08:01 6165833                    /home/saya/software/netbeans-8.2/java/maven/lib/sisu-guice-3.1.0-no_aop.jar
7f9484008000-7f948400a000 r--s 0000a000 08:01 6165863                    /home/saya/software/netbeans-8.2/java/maven/lib/maven-settings-3.0.5.jar
7f948400a000-7f948400b000 ---p 00000000 00:00 0 
7f948400b000-7f948412f000 rw-p 00000000 00:00 0 
7f948412f000-7f948424b000 ---p 00000000 00:00 0 
7f948424b000-7f948426f000 rw-p 00000000 00:00 0 
7f948426f000-7f948438b000 ---p 00000000 00:00 0 
7f948438b000-7f94843d9000 rw-p 00000000 00:00 0 
7f94843d9000-7f948442b000 ---p 00000000 00:00 0 
7f948442b000-7f9484468000 rw-p 00000000 00:00 0 
7f9484468000-7f94847ec000 ---p 00000000 00:00 0 
7f94847ec000-7f9484806000 r-xp 00000000 08:01 4459276                    /usr/lib/jvm/jre/lib/amd64/libzip.so
7f9484806000-7f9484a06000 ---p 0001a000 08:01 4459276                    /usr/lib/jvm/jre/lib/amd64/libzip.so
7f9484a06000-7f9484a07000 rw-p 0001a000 08:01 4459276                    /usr/lib/jvm/jre/lib/amd64/libzip.so
7f9484a07000-7f9484a12000 r-xp 00000000 08:01 20582823                   /lib/x86_64-linux-gnu/libnss_files-2.23.so
7f9484a12000-7f9484c11000 ---p 0000b000 08:01 20582823                   /lib/x86_64-linux-gnu/libnss_files-2.23.so
7f9484c11000-7f9484c12000 r--p 0000a000 08:01 20582823                   /lib/x86_64-linux-gnu/libnss_files-2.23.so
7f9484c12000-7f9484c13000 rw-p 0000b000 08:01 20582823                   /lib/x86_64-linux-gnu/libnss_files-2.23.so
7f9484c13000-7f9484c19000 rw-p 00000000 00:00 0 
7f9484c19000-7f9484c24000 r-xp 00000000 08:01 20582789                   /lib/x86_64-linux-gnu/libnss_nis-2.23.so
7f9484c24000-7f9484e23000 ---p 0000b000 08:01 20582789                   /lib/x86_64-linux-gnu/libnss_nis-2.23.so
7f9484e23000-7f9484e24000 r--p 0000a000 08:01 20582789                   /lib/x86_64-linux-gnu/libnss_nis-2.23.so
7f9484e24000-7f9484e25000 rw-p 0000b000 08:01 20582789                   /lib/x86_64-linux-gnu/libnss_nis-2.23.so
7f9484e25000-7f9484e3b000 r-xp 00000000 08:01 20582793                   /lib/x86_64-linux-gnu/libnsl-2.23.so
7f9484e3b000-7f948503a000 ---p 00016000 08:01 20582793                   /lib/x86_64-linux-gnu/libnsl-2.23.so
7f948503a000-7f948503b000 r--p 00015000 08:01 20582793                   /lib/x86_64-linux-gnu/libnsl-2.23.so
7f948503b000-7f948503c000 rw-p 00016000 08:01 20582793                   /lib/x86_64-linux-gnu/libnsl-2.23.so
7f948503c000-7f948503e000 rw-p 00000000 00:00 0 
7f948503e000-7f9485046000 r-xp 00000000 08:01 20582837                   /lib/x86_64-linux-gnu/libnss_compat-2.23.so
7f9485046000-7f9485245000 ---p 00008000 08:01 20582837                   /lib/x86_64-linux-gnu/libnss_compat-2.23.so
7f9485245000-7f9485246000 r--p 00007000 08:01 20582837                   /lib/x86_64-linux-gnu/libnss_compat-2.23.so
7f9485246000-7f9485247000 rw-p 00008000 08:01 20582837                   /lib/x86_64-linux-gnu/libnss_compat-2.23.so
7f9485247000-7f9485272000 r-xp 00000000 08:01 4459303                    /usr/lib/jvm/jre/lib/amd64/libjava.so
7f9485272000-7f9485471000 ---p 0002b000 08:01 4459303                    /usr/lib/jvm/jre/lib/amd64/libjava.so
7f9485471000-7f9485473000 rw-p 0002a000 08:01 4459303                    /usr/lib/jvm/jre/lib/amd64/libjava.so
7f9485473000-7f9485480000 r-xp 00000000 08:01 4459254                    /usr/lib/jvm/jre/lib/amd64/libverify.so
7f9485480000-7f948567f000 ---p 0000d000 08:01 4459254                    /usr/lib/jvm/jre/lib/amd64/libverify.so
7f948567f000-7f9485681000 rw-p 0000c000 08:01 4459254                    /usr/lib/jvm/jre/lib/amd64/libverify.so
7f9485681000-7f9485688000 r-xp 00000000 08:01 20582838                   /lib/x86_64-linux-gnu/librt-2.23.so
7f9485688000-7f9485887000 ---p 00007000 08:01 20582838                   /lib/x86_64-linux-gnu/librt-2.23.so
7f9485887000-7f9485888000 r--p 00006000 08:01 20582838                   /lib/x86_64-linux-gnu/librt-2.23.so
7f9485888000-7f9485889000 rw-p 00007000 08:01 20582838                   /lib/x86_64-linux-gnu/librt-2.23.so
7f9485889000-7f9485991000 r-xp 00000000 08:01 20582792                   /lib/x86_64-linux-gnu/libm-2.23.so
7f9485991000-7f9485b90000 ---p 00108000 08:01 20582792                   /lib/x86_64-linux-gnu/libm-2.23.so
7f9485b90000-7f9485b91000 r--p 00107000 08:01 20582792                   /lib/x86_64-linux-gnu/libm-2.23.so
7f9485b91000-7f9485b92000 rw-p 00108000 08:01 20582792                   /lib/x86_64-linux-gnu/libm-2.23.so
7f9485b92000-7f9486860000 r-xp 00000000 08:01 4459307                    /usr/lib/jvm/jre/lib/amd64/server/libjvm.so
7f9486860000-7f9486a60000 ---p 00cce000 08:01 4459307                    /usr/lib/jvm/jre/lib/amd64/server/libjvm.so
7f9486a60000-7f9486b39000 rw-p 00cce000 08:01 4459307                    /usr/lib/jvm/jre/lib/amd64/server/libjvm.so
7f9486b39000-7f9486b84000 rw-p 00000000 00:00 0 
7f9486b84000-7f9486d43000 r-xp 00000000 08:01 20582813                   /lib/x86_64-linux-gnu/libc-2.23.so
7f9486d43000-7f9486f43000 ---p 001bf000 08:01 20582813                   /lib/x86_64-linux-gnu/libc-2.23.so
7f9486f43000-7f9486f47000 r--p 001bf000 08:01 20582813                   /lib/x86_64-linux-gnu/libc-2.23.so
7f9486f47000-7f9486f49000 rw-p 001c3000 08:01 20582813                   /lib/x86_64-linux-gnu/libc-2.23.so
7f9486f49000-7f9486f4d000 rw-p 00000000 00:00 0 
7f9486f4d000-7f9486f50000 r-xp 00000000 08:01 20582788                   /lib/x86_64-linux-gnu/libdl-2.23.so
7f9486f50000-7f948714f000 ---p 00003000 08:01 20582788                   /lib/x86_64-linux-gnu/libdl-2.23.so
7f948714f000-7f9487150000 r--p 00002000 08:01 20582788                   /lib/x86_64-linux-gnu/libdl-2.23.so
7f9487150000-7f9487151000 rw-p 00003000 08:01 20582788                   /lib/x86_64-linux-gnu/libdl-2.23.so
7f9487151000-7f9487166000 r-xp 00000000 08:01 4458388                    /usr/lib/jvm/lib/amd64/jli/libjli.so
7f9487166000-7f9487366000 ---p 00015000 08:01 4458388                    /usr/lib/jvm/lib/amd64/jli/libjli.so
7f9487366000-7f9487367000 rw-p 00015000 08:01 4458388                    /usr/lib/jvm/lib/amd64/jli/libjli.so
7f9487367000-7f948737f000 r-xp 00000000 08:01 20582890                   /lib/x86_64-linux-gnu/libpthread-2.23.so
7f948737f000-7f948757e000 ---p 00018000 08:01 20582890                   /lib/x86_64-linux-gnu/libpthread-2.23.so
7f948757e000-7f948757f000 r--p 00017000 08:01 20582890                   /lib/x86_64-linux-gnu/libpthread-2.23.so
7f948757f000-7f9487580000 rw-p 00018000 08:01 20582890                   /lib/x86_64-linux-gnu/libpthread-2.23.so
7f9487580000-7f9487584000 rw-p 00000000 00:00 0 
7f9487584000-7f94875aa000 r-xp 00000000 08:01 20582814                   /lib/x86_64-linux-gnu/ld-2.23.so
7f94875aa000-7f94875ab000 r--s 00003000 08:01 6165883                    /home/saya/software/netbeans-8.2/java/maven/lib/aether-spi-1.13.1.jar
7f94875ab000-7f94875b1000 r--s 0003f000 08:01 6165877                    /home/saya/software/netbeans-8.2/java/maven/lib/maven-compat-3.0.5.jar
7f94875b1000-7f9487689000 rw-p 00000000 00:00 0 
7f9487689000-7f948768c000 ---p 00000000 00:00 0 
7f948768c000-7f948778e000 rw-p 00000000 00:00 0 
7f948778e000-7f9487790000 r--s 00006000 08:01 6165719                    /home/saya/software/netbeans-8.2/java/maven/lib/aether-connector-wagon-1.13.1.jar
7f9487790000-7f9487792000 r--s 0000b000 08:01 6165861                    /home/saya/software/netbeans-8.2/java/maven/lib/maven-artifact-3.0.5.jar
7f9487792000-7f9487794000 r--s 00000000 08:01 6165532                    /home/saya/software/netbeans-8.2/java/maven/lib/plexus-component-annotations-1.5.5.jar
7f9487794000-7f9487797000 r--s 0001d000 08:01 6165875                    /home/saya/software/netbeans-8.2/java/maven/lib/aether-impl-1.13.1.jar
7f9487797000-7f9487799000 r--s 0000b000 08:01 6165847                    /home/saya/software/netbeans-8.2/java/maven/lib/maven-plugin-api-3.0.5.jar
7f9487799000-7f948779b000 r--s 0000c000 08:01 6165766                    /home/saya/software/netbeans-8.2/java/maven/lib/maven-aether-provider-3.0.5.jar
7f948779b000-7f948779d000 r--s 0000a000 08:01 6165836                    /home/saya/software/netbeans-8.2/java/maven/boot/plexus-classworlds-2.4.jar
7f948779d000-7f94877a5000 rw-s 00000000 08:01 27394090                   /tmp/hsperfdata_saya/5254
7f94877a5000-7f94877a6000 rw-p 00000000 00:00 0 
7f94877a6000-7f94877a7000 ---p 00000000 00:00 0 
7f94877a7000-7f94877a9000 rw-p 00000000 00:00 0 
7f94877a9000-7f94877aa000 r--p 00025000 08:01 20582814                   /lib/x86_64-linux-gnu/ld-2.23.so
7f94877aa000-7f94877ab000 rw-p 00026000 08:01 20582814                   /lib/x86_64-linux-gnu/ld-2.23.so
7f94877ab000-7f94877ac000 rw-p 00000000 00:00 0 
7ffe9c09f000-7ffe9c0c0000 rw-p 00000000 00:00 0                          [stack]
7ffe9c1cd000-7ffe9c1cf000 r--p 00000000 00:00 0                          [vvar]
7ffe9c1cf000-7ffe9c1d1000 r-xp 00000000 00:00 0                          [vdso]
ffffffffff600000-ffffffffff601000 r-xp 00000000 00:00 0                  [vsyscall]

VM Arguments:
jvm_args: -Dclassworlds.conf=/home/saya/software/netbeans-8.2/java/maven/bin/m2.conf -Dmaven.home=/home/saya/software/netbeans-8.2/java/maven 
java_command: org.codehaus.plexus.classworlds.launcher.Launcher -Dnetbeans.deploy=true -Dmaven.ext.class.path=/home/saya/software/netbeans-8.2/java/maven-nblib/netbeans-eventspy.jar package
java_class_path (initial): /home/saya/software/netbeans-8.2/java/maven/boot/plexus-classworlds-2.4.jar
Launcher Type: SUN_STANDARD

Environment Variables:
JAVA_HOME=/usr/lib/jvm
PATH=/home/saya/bin:/home/saya/.local/bin:/usr/local/sbin:/usr/local/bin:/usr/sbin:/usr/bin:/sbin:/bin:/usr/games:/usr/local/games:/snap/bin
LD_LIBRARY_PATH=/usr/lib/jvm/jre/lib/amd64:/usr/lib/jvm/jre/lib/i386:
SHELL=/bin/bash
DISPLAY=:0

Signal Handlers:
SIGSEGV: [libjvm.so+0xac78c0], sa_mask[0]=11111111011111111101111111111110, sa_flags=SA_RESTART|SA_SIGINFO
SIGBUS: [libjvm.so+0xac78c0], sa_mask[0]=11111111011111111101111111111110, sa_flags=SA_RESTART|SA_SIGINFO
SIGFPE: [libjvm.so+0x920ac0], sa_mask[0]=11111111011111111101111111111110, sa_flags=SA_RESTART|SA_SIGINFO
SIGPIPE: [libjvm.so+0x920ac0], sa_mask[0]=11111111011111111101111111111110, sa_flags=SA_RESTART|SA_SIGINFO
SIGXFSZ: [libjvm.so+0x920ac0], sa_mask[0]=11111111011111111101111111111110, sa_flags=SA_RESTART|SA_SIGINFO
SIGILL: [libjvm.so+0x920ac0], sa_mask[0]=11111111011111111101111111111110, sa_flags=SA_RESTART|SA_SIGINFO
SIGUSR1: SIG_DFL, sa_mask[0]=00000000000000000000000000000000, sa_flags=none
SIGUSR2: [libjvm.so+0x922300], sa_mask[0]=00100000000000000000000000000000, sa_flags=SA_RESTART|SA_SIGINFO
SIGHUP: [libjvm.so+0x923700], sa_mask[0]=11111111011111111101111111111110, sa_flags=SA_RESTART|SA_SIGINFO
SIGINT: SIG_IGN, sa_mask[0]=00000000000000000000000000000000, sa_flags=none
SIGTERM: [libjvm.so+0x923700], sa_mask[0]=11111111011111111101111111111110, sa_flags=SA_RESTART|SA_SIGINFO
SIGQUIT: [libjvm.so+0x923700], sa_mask[0]=11111111011111111101111111111110, sa_flags=SA_RESTART|SA_SIGINFO


---------------  S Y S T E M  ---------------

OS:DISTRIB_ID=Ubuntu
DISTRIB_RELEASE=16.04
DISTRIB_CODENAME=xenial
DISTRIB_DESCRIPTION="Ubuntu 16.04.2 LTS"

uname:Linux 4.8.0-41-generic #44~16.04.1-Ubuntu SMP Fri Mar 3 17:11:16 UTC 2017 x86_64
libc:glibc 2.23 NPTL 2.23 
rlimit: STACK 8192k, CORE 0k, NPROC 15183, NOFILE 65536, AS infinity
load average:7,00 3,45 2,48

/proc/meminfo:
MemTotal:        3929444 kB
MemFree:          105332 kB
MemAvailable:      11796 kB
Buffers:            1312 kB
Cached:           164160 kB
SwapCached:            0 kB
Active:          3502892 kB
Inactive:         156940 kB
Active(anon):    3495564 kB
Inactive(anon):   149356 kB
Active(file):       7328 kB
Inactive(file):     7584 kB
Unevictable:          48 kB
Mlocked:              48 kB
SwapTotal:             0 kB
SwapFree:              0 kB
Dirty:               112 kB
Writeback:             0 kB
AnonPages:       3494436 kB
Mapped:            60260 kB
Shmem:            150532 kB
Slab:              72808 kB
SReclaimable:      34436 kB
SUnreclaim:        38372 kB
KernelStack:       11840 kB
PageTables:        39968 kB
NFS_Unstable:          0 kB
Bounce:                0 kB
WritebackTmp:          0 kB
CommitLimit:     1964720 kB
Committed_AS:    7166552 kB
VmallocTotal:   34359738367 kB
VmallocUsed:           0 kB
VmallocChunk:          0 kB
HardwareCorrupted:     0 kB
AnonHugePages:   1779712 kB
ShmemHugePages:        0 kB
ShmemPmdMapped:        0 kB
CmaTotal:              0 kB
CmaFree:               0 kB
HugePages_Total:       0
HugePages_Free:        0
HugePages_Rsvd:        0
HugePages_Surp:        0
Hugepagesize:       2048 kB
DirectMap4k:      121132 kB
DirectMap2M:     3956736 kB


CPU:total 4 (2 cores per cpu, 2 threads per core) family 6 model 58 stepping 9, cmov, cx8, fxsr, mmx, sse, sse2, sse3, ssse3, sse4.1, sse4.2, popcnt, avx, aes, clmul, erms, ht, tsc, tscinvbit, tscinv

/proc/cpuinfo:
processor	: 0
vendor_id	: GenuineIntel
cpu family	: 6
model		: 58
model name	: Intel(R) Core(TM) i5-3210M CPU @ 2.50GHz
stepping	: 9
microcode	: 0x1c
cpu MHz		: 1280.975
cache size	: 3072 KB
physical id	: 0
siblings	: 4
core id		: 0
cpu cores	: 2
apicid		: 0
initial apicid	: 0
fpu		: yes
fpu_exception	: yes
cpuid level	: 13
wp		: yes
flags		: fpu vme de pse tsc msr pae mce cx8 apic sep mtrr pge mca cmov pat pse36 clflush dts acpi mmx fxsr sse sse2 ss ht tm pbe syscall nx rdtscp lm constant_tsc arch_perfmon pebs bts rep_good nopl xtopology nonstop_tsc aperfmperf eagerfpu pni pclmulqdq dtes64 monitor ds_cpl vmx est tm2 ssse3 cx16 xtpr pdcm pcid sse4_1 sse4_2 x2apic popcnt tsc_deadline_timer aes xsave avx f16c rdrand lahf_lm epb tpr_shadow vnmi flexpriority ept vpid fsgsbase smep erms xsaveopt dtherm ida arat pln pts
bugs		:
bogomips	: 4988.23
clflush size	: 64
cache_alignment	: 64
address sizes	: 36 bits physical, 48 bits virtual
power management:

processor	: 1
vendor_id	: GenuineIntel
cpu family	: 6
model		: 58
model name	: Intel(R) Core(TM) i5-3210M CPU @ 2.50GHz
stepping	: 9
microcode	: 0x1c
cpu MHz		: 1252.593
cache size	: 3072 KB
physical id	: 0
siblings	: 4
core id		: 1
cpu cores	: 2
apicid		: 2
initial apicid	: 2
fpu		: yes
fpu_exception	: yes
cpuid level	: 13
wp		: yes
flags		: fpu vme de pse tsc msr pae mce cx8 apic sep mtrr pge mca cmov pat pse36 clflush dts acpi mmx fxsr sse sse2 ss ht tm pbe syscall nx rdtscp lm constant_tsc arch_perfmon pebs bts rep_good nopl xtopology nonstop_tsc aperfmperf eagerfpu pni pclmulqdq dtes64 monitor ds_cpl vmx est tm2 ssse3 cx16 xtpr pdcm pcid sse4_1 sse4_2 x2apic popcnt tsc_deadline_timer aes xsave avx f16c rdrand lahf_lm epb tpr_shadow vnmi flexpriority ept vpid fsgsbase smep erms xsaveopt dtherm ida arat pln pts
bugs		:
bogomips	: 4988.23
clflush size	: 64
cache_alignment	: 64
address sizes	: 36 bits physical, 48 bits virtual
power management:

processor	: 2
vendor_id	: GenuineIntel
cpu family	: 6
model		: 58
model name	: Intel(R) Core(TM) i5-3210M CPU @ 2.50GHz
stepping	: 9
microcode	: 0x1c
cpu MHz		: 1272.430
cache size	: 3072 KB
physical id	: 0
siblings	: 4
core id		: 0
cpu cores	: 2
apicid		: 1
initial apicid	: 1
fpu		: yes
fpu_exception	: yes
cpuid level	: 13
wp		: yes
flags		: fpu vme de pse tsc msr pae mce cx8 apic sep mtrr pge mca cmov pat pse36 clflush dts acpi mmx fxsr sse sse2 ss ht tm pbe syscall nx rdtscp lm constant_tsc arch_perfmon pebs bts rep_good nopl xtopology nonstop_tsc aperfmperf eagerfpu pni pclmulqdq dtes64 monitor ds_cpl vmx est tm2 ssse3 cx16 xtpr pdcm pcid sse4_1 sse4_2 x2apic popcnt tsc_deadline_timer aes xsave avx f16c rdrand lahf_lm epb tpr_shadow vnmi flexpriority ept vpid fsgsbase smep erms xsaveopt dtherm ida arat pln pts
bugs		:
bogomips	: 4988.23
clflush size	: 64
cache_alignment	: 64
address sizes	: 36 bits physical, 48 bits virtual
power management:

processor	: 3
vendor_id	: GenuineIntel
cpu family	: 6
model		: 58
model name	: Intel(R) Core(TM) i5-3210M CPU @ 2.50GHz
stepping	: 9
microcode	: 0x1c
cpu MHz		: 1252.288
cache size	: 3072 KB
physical id	: 0
siblings	: 4
core id		: 1
cpu cores	: 2
apicid		: 3
initial apicid	: 3
fpu		: yes
fpu_exception	: yes
cpuid level	: 13
wp		: yes
flags		: fpu vme de pse tsc msr pae mce cx8 apic sep mtrr pge mca cmov pat pse36 clflush dts acpi mmx fxsr sse sse2 ss ht tm pbe syscall nx rdtscp lm constant_tsc arch_perfmon pebs bts rep_good nopl xtopology nonstop_tsc aperfmperf eagerfpu pni pclmulqdq dtes64 monitor ds_cpl vmx est tm2 ssse3 cx16 xtpr pdcm pcid sse4_1 sse4_2 x2apic popcnt tsc_deadline_timer aes xsave avx f16c rdrand lahf_lm epb tpr_shadow vnmi flexpriority ept vpid fsgsbase smep erms xsaveopt dtherm ida arat pln pts
bugs		:
bogomips	: 4988.23
clflush size	: 64
cache_alignment	: 64
address sizes	: 36 bits physical, 48 bits virtual
power management:



Memory: 4k page, physical 3929444k(105332k free), swap 0k(0k free)

vm_info: Java HotSpot(TM) 64-Bit Server VM (25.121-b13) for linux-amd64 JRE (1.8.0_121-b13), built on Dec 12 2016 16:36:53 by "java_re" with gcc 4.3.0 20080428 (Red Hat 4.3.0-8)

time: Mon Mar 27 13:25:51 2017
elapsed time: 72 seconds (0d 0h 1m 12s)

